\BOOKMARK [0][-]{chapter.1}{ .}{}% 1
\BOOKMARK [1][-]{section.1.1}{Representation of a PL ball complex}{chapter.1}% 2
\BOOKMARK [1][-]{section.1.2}{ }{chapter.1}% 3
\BOOKMARK [1][-]{section.1.3}{ \040 \040}{chapter.1}% 4
\BOOKMARK [1][-]{section.1.4}{ \040}{chapter.1}% 5
\BOOKMARK [1][-]{section.1.5}{ pl- \( \)}{chapter.1}% 6
\BOOKMARK [1][-]{section.1.6}{ \040}{chapter.1}% 7
\BOOKMARK [1][-]{section.1.7}{ }{chapter.1}% 8
\BOOKMARK [1][-]{section.1.8}{ \040 \040}{chapter.1}% 9
\BOOKMARK [0][-]{chapter.2}{, }{}% 10
\BOOKMARK [1][-]{section.2.1}{}{chapter.2}% 11
\BOOKMARK [0][-]{chapter.3}{ \040}{}% 12
\BOOKMARK [1][-]{section.3.1}{ }{chapter.3}% 13
\BOOKMARK [1][-]{section.3.2}{ \040}{chapter.3}% 14
\BOOKMARK [0][-]{chapter.4}{ }{}% 15
\BOOKMARK [1][-]{section.4.1}{}{chapter.4}% 16
\BOOKMARK [1][-]{section.4.2}{ }{chapter.4}% 17
\BOOKMARK [1][-]{section.4.3}{}{chapter.4}% 18
\BOOKMARK [1][-]{section.4.4}{ }{chapter.4}% 19
\BOOKMARK [0][-]{chapter*.3}{References}{}% 20
\BOOKMARK [0][-]{section*.4}{Index}{}% 21
